# JRE version: OpenJDK Runtime Environment (8.0) (build 1.8.0-adoptopenjdk-_2018_05_19_00_59-b00)
# Java VM: OpenJDK 64-Bit Server VM (25.71-b00 mixed mode windows-amd64 compressed oops)
Heap:
 PSYoungGen      total 37888K, used 5889K [0x00000000d6580000, 0x00000000d8f80000, 0x0000000100000000)
  eden space 32768K, 2% used [0x00000000d6580000,0x00000000d6643c48,0x00000000d8580000)
  from space 5120K, 99% used [0x00000000d8580000,0x00000000d8a7c808,0x00000000d8a80000)
  to   space 5120K, 0% used [0x00000000d8a80000,0x00000000d8a80000,0x00000000d8f80000)
 ParOldGen       total 86016K, used 2106K [0x0000000083000000, 0x0000000088400000, 0x00000000d6580000)
  object space 86016K, 2% used [0x0000000083000000,0x000000008320e948,0x0000000088400000)
 Metaspace       used 17423K, capacity 17890K, committed 18048K, reserved 1064960K
  class space    used 1976K, capacity 2113K, committed 2176K, reserved 1048576K
GC Heap History (6 events):
Event: 5.118 GC heap before
{Heap before GC invocations=1 (full 0):
 PSYoungGen      total 37888K, used 32768K [0x00000000d6580000, 0x00000000d8f80000, 0x0000000100000000)
  eden space 32768K, 100% used [0x00000000d6580000,0x00000000d8580000,0x00000000d8580000)
  from space 5120K, 0% used [0x00000000d8a80000,0x00000000d8a80000,0x00000000d8f80000)
  to   space 5120K, 0% used [0x00000000d8580000,0x00000000d8580000,0x00000000d8a80000)
 ParOldGen       total 86016K, used 0K [0x0000000083000000, 0x0000000088400000, 0x00000000d6580000)
  object space 86016K, 0% used [0x0000000083000000,0x0000000083000000,0x0000000088400000)
 Metaspace       used 12562K, capacity 12782K, committed 13184K, reserved 1060864K
  class space    used 1502K, capacity 1599K, committed 1664K, reserved 1048576K
Event: 5.181 GC heap after
Heap after GC invocations=1 (full 0):
 PSYoungGen      total 37888K, used 4255K [0x00000000d6580000, 0x00000000d8f80000, 0x0000000100000000)
  eden space 32768K, 0% used [0x00000000d6580000,0x00000000d6580000,0x00000000d8580000)
  from space 5120K, 83% used [0x00000000d8580000,0x00000000d89a7dc0,0x00000000d8a80000)
  to   space 5120K, 0% used [0x00000000d8a80000,0x00000000d8a80000,0x00000000d8f80000)
 ParOldGen       total 86016K, used 80K [0x0000000083000000, 0x0000000088400000, 0x00000000d6580000)
  object space 86016K, 0% used [0x0000000083000000,0x0000000083014010,0x0000000088400000)
 Metaspace       used 12562K, capacity 12782K, committed 13184K, reserved 1060864K
  class space    used 1502K, capacity 1599K, committed 1664K, reserved 1048576K
}
Event: 8.617 GC heap before
{Heap before GC invocations=2 (full 0):
 PSYoungGen      total 37888K, used 37023K [0x00000000d6580000, 0x00000000d8f80000, 0x0000000100000000)
  eden space 32768K, 100% used [0x00000000d6580000,0x00000000d8580000,0x00000000d8580000)
  from space 5120K, 83% used [0x00000000d8580000,0x00000000d89a7dc0,0x00000000d8a80000)
  to   space 5120K, 0% used [0x00000000d8a80000,0x00000000d8a80000,0x00000000d8f80000)
 ParOldGen       total 86016K, used 80K [0x0000000083000000, 0x0000000088400000, 0x00000000d6580000)
  object space 86016K, 0% used [0x0000000083000000,0x0000000083014010,0x0000000088400000)
 Metaspace       used 16180K, capacity 16616K, committed 16896K, reserved 1064960K
  class space    used 1877K, capacity 2026K, committed 2048K, reserved 1048576K
Event: 8.632 GC heap after
Heap after GC invocations=2 (full 0):
 PSYoungGen      total 37888K, used 5091K [0x00000000d6580000, 0x00000000d8f80000, 0x0000000100000000)
  eden space 32768K, 0% used [0x00000000d6580000,0x00000000d6580000,0x00000000d8580000)
  from space 5120K, 99% used [0x00000000d8a80000,0x00000000d8f78e30,0x00000000d8f80000)
  to   space 5120K, 0% used [0x00000000d8580000,0x00000000d8580000,0x00000000d8a80000)
 ParOldGen       total 86016K, used 769K [0x0000000083000000, 0x0000000088400000, 0x00000000d6580000)
  object space 86016K, 0% used [0x0000000083000000,0x00000000830c04d8,0x0000000088400000)
 Metaspace       used 16180K, capacity 16616K, committed 16896K, reserved 1064960K
  class space    used 1877K, capacity 2026K, committed 2048K, reserved 1048576K
}
Event: 12.489 GC heap before
{Heap before GC invocations=3 (full 0):
 PSYoungGen      total 37888K, used 37859K [0x00000000d6580000, 0x00000000d8f80000, 0x0000000100000000)
  eden space 32768K, 100% used [0x00000000d6580000,0x00000000d8580000,0x00000000d8580000)
  from space 5120K, 99% used [0x00000000d8a80000,0x00000000d8f78e30,0x00000000d8f80000)
  to   space 5120K, 0% used [0x00000000d8580000,0x00000000d8580000,0x00000000d8a80000)
 ParOldGen       total 86016K, used 769K [0x0000000083000000, 0x0000000088400000, 0x00000000d6580000)
  object space 86016K, 0% used [0x0000000083000000,0x00000000830c04d8,0x0000000088400000)
 Metaspace       used 17389K, capacity 17820K, committed 18048K, reserved 1064960K
  class space    used 1975K, capacity 2112K, committed 2176K, reserved 1048576K
Event: 12.497 GC heap after
Heap after GC invocations=3 (full 0):
 PSYoungGen      total 37888K, used 5106K [0x00000000d6580000, 0x00000000d8f80000, 0x0000000100000000)
  eden space 32768K, 0% used [0x00000000d6580000,0x00000000d6580000,0x00000000d8580000)
  from space 5120K, 99% used [0x00000000d8580000,0x00000000d8a7c808,0x00000000d8a80000)
  to   space 5120K, 0% used [0x00000000d8a80000,0x00000000d8a80000,0x00000000d8f80000)
 ParOldGen       total 86016K, used 2106K [0x0000000083000000, 0x0000000088400000, 0x00000000d6580000)
  object space 86016K, 2% used [0x0000000083000000,0x000000008320e948,0x0000000088400000)
 Metaspace       used 17389K, capacity 17820K, committed 18048K, reserved 1064960K
  class space    used 1975K, capacity 2112K, committed 2176K, reserved 1048576K
}

